<?xml version="1.0" encoding="UTF-8"?>
<!-- Generated by org.testng.reporters.JUnitReportReporter -->
<testsuite hostname="WKWZTn23fjyB4Y9" failures="0" tests="1" name="com.eaapp.tests.EmployeeTests" time="22.085" errors="0" timestamp="2025-05-07T11:05:45 IST" skipped="0">
  <testcase classname="com.eaapp.tests.EmployeeTests" name="testCreateNewEmployee" time="22.085"/>
</testsuite> <!-- com.eaapp.tests.EmployeeTests -->
