<?xml version="1.0" encoding="UTF-8"?>
<!-- Generated by org.testng.reporters.JUnitReportReporter -->
<testsuite hostname="WKWZTn23fjyB4Y9" failures="0" tests="1" name="com.eaapp.tests.EmployeeTests" time="12.816" errors="0" timestamp="2025-04-18T11:00:26 IST" skipped="0">
  <testcase classname="com.eaapp.tests.EmployeeTests" name="testCreateNewEmployee" time="12.816"/>
</testsuite> <!-- com.eaapp.tests.EmployeeTests -->
